[0m16:46:30.804012 [debug] [MainThread]: Sending event: {'category': 'dbt', 'action': 'invocation', 'label': 'start', 'context': [<snowplow_tracker.self_describing_json.SelfDescribingJson object at 0x00000173BC3D9DC0>, <snowplow_tracker.self_describing_json.SelfDescribingJson object at 0x00000173BC309F40>, <snowplow_tracker.self_describing_json.SelfDescribingJson object at 0x00000173BC2449E0>]}


============================== 16:46:30.822347 | 96ad10bf-ac88-4115-bead-63e634ec983b ==============================
[0m16:46:30.822347 [info ] [MainThread]: Running with dbt=1.11.2
[0m16:46:30.822347 [debug] [MainThread]: running dbt with arguments {'version_check': 'True', 'no_print': 'None', 'static_parser': 'True', 'warn_error_options': 'WarnErrorOptionsV2(error=[], warn=[], silence=[])', 'target_path': 'None', 'printer_width': '80', 'write_json': 'True', 'empty': 'None', 'log_cache_events': 'False', 'introspect': 'True', 'cache_selected_only': 'False', 'fail_fast': 'False', 'debug': 'False', 'log_format': 'default', 'partial_parse': 'True', 'send_anonymous_usage_stats': 'True', 'quiet': 'False', 'warn_error': 'None', 'profiles_dir': 'C:\\Users\\noah\\.dbt', 'use_colors': 'True', 'invocation_command': 'dbt init spotify_analytics', 'indirect_selection': 'eager', 'use_experimental_parser': 'False', 'log_path': 'logs'}
[0m16:46:30.995997 [info ] [MainThread]: Creating dbt configuration folder at C:\Users\noah\.dbt
[0m16:46:31.007973 [debug] [MainThread]: Starter project path: C:\Users\noah\AppData\Local\Packages\PythonSoftwareFoundation.Python.3.12_qbz5n2kfra8p0\LocalCache\local-packages\Python312\site-packages\dbt\include\starter_project
[0m16:46:31.035885 [info ] [MainThread]: 
Your new dbt project "spotify_analytics" was created!

For more information on how to configure the profiles.yml file,
please consult the dbt documentation here:

  https://docs.getdbt.com/docs/configure-your-profile

One more thing:

Need help? Don't hesitate to reach out to us via GitHub issues or on Slack:

  https://community.getdbt.com/

Happy modeling!

[0m16:46:31.035885 [info ] [MainThread]: Setting up your profile.
[0m16:48:22.543568 [info ] [MainThread]: Profile spotify_analytics written to C:\Users\noah\.dbt\profiles.yml using target's profile_template.yml and your supplied values. Run 'dbt debug' to validate the connection.
[0m16:48:22.543568 [debug] [MainThread]: Command `dbt init` succeeded at 16:48:22.543568 after 111.84 seconds
[0m16:48:22.543568 [debug] [MainThread]: Sending event: {'category': 'dbt', 'action': 'invocation', 'label': 'end', 'context': [<snowplow_tracker.self_describing_json.SelfDescribingJson object at 0x00000173BD896960>, <snowplow_tracker.self_describing_json.SelfDescribingJson object at 0x00000173BC21F860>, <snowplow_tracker.self_describing_json.SelfDescribingJson object at 0x00000173BBFFF170>]}
[0m16:48:22.543568 [debug] [MainThread]: Flushing usage events
[0m16:48:23.117636 [debug] [MainThread]: An error was encountered while trying to flush usage events
[0m15:47:27.877608 [debug] [MainThread]: Sending event: {'category': 'dbt', 'action': 'invocation', 'label': 'start', 'context': [<snowplow_tracker.self_describing_json.SelfDescribingJson object at 0x000001EFE3282180>, <snowplow_tracker.self_describing_json.SelfDescribingJson object at 0x000001EFE3281910>, <snowplow_tracker.self_describing_json.SelfDescribingJson object at 0x000001EFE32812B0>]}


============================== 15:47:27.898222 | 42b3a542-e952-4487-a5b8-32d2aa29b12e ==============================
[0m15:47:27.898222 [info ] [MainThread]: Running with dbt=1.7.9
[0m15:47:27.898222 [debug] [MainThread]: running dbt with arguments {'printer_width': '80', 'indirect_selection': 'eager', 'log_cache_events': 'False', 'write_json': 'True', 'partial_parse': 'True', 'cache_selected_only': 'False', 'warn_error': 'None', 'debug': 'False', 'profiles_dir': 'C:\\Users\\noah\\.dbt', 'log_path': 'logs', 'fail_fast': 'False', 'version_check': 'True', 'use_colors': 'True', 'use_experimental_parser': 'False', 'no_print': 'None', 'quiet': 'False', 'log_format': 'default', 'introspect': 'True', 'static_parser': 'True', 'invocation_command': 'dbt run', 'target_path': 'None', 'warn_error_options': 'WarnErrorOptions(include=[], exclude=[])', 'send_anonymous_usage_stats': 'True'}
[0m15:47:27.898222 [error] [MainThread]: Encountered an error:
Runtime Error
  No dbt_project.yml found at expected path C:\Users\noah\Desktop\spotify-data-platforms\dbt_project.yml
  Verify that each entry within packages.yml (and their transitive dependencies) contains a file named dbt_project.yml
  
[0m15:47:27.898222 [debug] [MainThread]: Command `dbt run` failed at 15:47:27.898222 after 0.13 seconds
[0m15:47:27.898222 [debug] [MainThread]: Sending event: {'category': 'dbt', 'action': 'invocation', 'label': 'end', 'context': [<snowplow_tracker.self_describing_json.SelfDescribingJson object at 0x000001EFE29D3560>, <snowplow_tracker.self_describing_json.SelfDescribingJson object at 0x000001EFE325F770>, <snowplow_tracker.self_describing_json.SelfDescribingJson object at 0x000001EFE325E2D0>]}
[0m15:47:27.898222 [debug] [MainThread]: Flushing usage events
